<?xml version="1.0" encoding="UTF-8"?>
<testsuite xmlns:xsi="http://www.w3.org/2001/XMLSchema-instance" xsi:noNamespaceSchemaLocation="https://maven.apache.org/surefire/maven-surefire-plugin/xsd/surefire-test-report.xsd" version="3.0.2" name="gate.report.ReportTest" time="0.843" tests="4" errors="0" skipped="0" failures="0">
  <properties>
[...]
</properties>
  <testcase name="testNow" classname="gate.report.ReportTest" time="0.176"/>
  <testcase name="testStyle" classname="gate.report.ReportTest" time="0.021"/>
  <testcase name="testGrid" classname="gate.report.ReportTest" time="0.611">
    <system-out><![CDATA[2026-05-03T23:51:00.453578495Z main ERROR Log4j API could not find a logging provider.
]]></system-out>
  </testcase>
  <testcase name="testList" classname="gate.report.ReportTest" time="0.022"/>
</testsuite>